0 info it worked if it ends with ok
1 verbose cli [ '/home/alvaro/.nvm/versions/node/v7.2.0/bin/node',
1 verbose cli   '/home/alvaro/.nvm/versions/node/v7.2.0/bin/npm',
1 verbose cli   'start' ]
2 info using npm@3.10.9
3 info using node@v7.2.0
4 verbose config Skipping project config: /home/alvaro/.npmrc. (matches userconfig)
5 verbose stack Error: missing script: start
5 verbose stack     at run (/home/alvaro/.nvm/versions/node/v7.2.0/lib/node_modules/npm/lib/run-script.js:151:19)
5 verbose stack     at /home/alvaro/.nvm/versions/node/v7.2.0/lib/node_modules/npm/lib/run-script.js:61:5
5 verbose stack     at /home/alvaro/.nvm/versions/node/v7.2.0/lib/node_modules/npm/node_modules/read-package-json/read-json.js:356:5
5 verbose stack     at checkBinReferences_ (/home/alvaro/.nvm/versions/node/v7.2.0/lib/node_modules/npm/node_modules/read-package-json/read-json.js:320:45)
5 verbose stack     at final (/home/alvaro/.nvm/versions/node/v7.2.0/lib/node_modules/npm/node_modules/read-package-json/read-json.js:354:3)
5 verbose stack     at then (/home/alvaro/.nvm/versions/node/v7.2.0/lib/node_modules/npm/node_modules/read-package-json/read-json.js:124:5)
5 verbose stack     at ReadFileContext.<anonymous> (/home/alvaro/.nvm/versions/node/v7.2.0/lib/node_modules/npm/node_modules/read-package-json/read-json.js:295:20)
5 verbose stack     at ReadFileContext.callback (/home/alvaro/.nvm/versions/node/v7.2.0/lib/node_modules/npm/node_modules/graceful-fs/graceful-fs.js:78:16)
5 verbose stack     at FSReqWrap.readFileAfterOpen [as oncomplete] (fs.js:335:13)
6 verbose cwd /home/alvaro/ironhack/week4/day4/lab-mongoose-movies
7 error Linux 4.10.0-38-generic
8 error argv "/home/alvaro/.nvm/versions/node/v7.2.0/bin/node" "/home/alvaro/.nvm/versions/node/v7.2.0/bin/npm" "start"
9 error node v7.2.0
10 error npm  v3.10.9
11 error missing script: start
12 error If you need help, you may report this error at:
12 error     <https://github.com/npm/npm/issues>
13 verbose exit [ 1, true ]
