0 info it worked if it ends with ok
1 verbose cli [ '/home/adrian/.nvm/versions/node/v7.2.0/bin/node',
1 verbose cli   '/home/adrian/.nvm/versions/node/v7.2.0/bin/npm',
1 verbose cli   'start' ]
2 info using npm@3.10.9
3 info using node@v7.2.0
4 verbose stack Error: ENOENT: no such file or directory, open '/home/adrian/code/Semana4/lab-mongoose-movies/starter-code/package.json'
5 verbose cwd /home/adrian/code/Semana4/lab-mongoose-movies/starter-code
6 error Linux 4.15.0-20-generic
7 error argv "/home/adrian/.nvm/versions/node/v7.2.0/bin/node" "/home/adrian/.nvm/versions/node/v7.2.0/bin/npm" "start"
8 error node v7.2.0
9 error npm  v3.10.9
10 error path /home/adrian/code/Semana4/lab-mongoose-movies/starter-code/package.json
11 error code ENOENT
12 error errno -2
13 error syscall open
14 error enoent ENOENT: no such file or directory, open '/home/adrian/code/Semana4/lab-mongoose-movies/starter-code/package.json'
15 error enoent ENOENT: no such file or directory, open '/home/adrian/code/Semana4/lab-mongoose-movies/starter-code/package.json'
15 error enoent This is most likely not a problem with npm itself
15 error enoent and is related to npm not being able to find a file.
16 verbose exit [ -2, true ]
