[0mGET /celebrities [36m304 [0m26.103 ms - -[0m
[0mGET /stylesheets/style.css [36m304 [0m2.198 ms - -[0m
[0mGET /celebrities/595e50a0e50f4e47a19d1482 [33m404 [0m2.028 ms - 3138[0m
[0mGET /celebrities/stylesheets/style.css [33m404 [0m1.183 ms - 3138[0m
[0mGET /celebrities/595e50a0e50f4e47a19d1482 [33m404 [0m14.754 ms - 3138[0m
[0mGET /celebrities/stylesheets/style.css [33m404 [0m7.192 ms - 3138[0m
[0mGET /celebrities/595e50a0e50f4e47a19d1482 [33m404 [0m14.501 ms - 3138[0m
[0mGET /celebrities/stylesheets/style.css [33m404 [0m5.559 ms - 3138[0m
[0mGET /celebrities [36m304 [0m27.122 ms - -[0m
[0mGET /stylesheets/style.css [36m304 [0m1.978 ms - -[0m
[0mGET /celebrities [36m304 [0m26.015 ms - -[0m
[0mGET /stylesheets/style.css [36m304 [0m2.793 ms - -[0m
[0mGET /celebrities/595e50a0e50f4e47a19d1482 [33m404 [0m2.171 ms - 3138[0m
[0mGET /celebrities/stylesheets/style.css [33m404 [0m1.328 ms - 3138[0m
[0mGET /celebrities/595e50a0e50f4e47a19d1482 [31m500 [0m32.871 ms - 3576[0m
[0mGET /celebrities/stylesheets/style.css [33m404 [0m2.410 ms - 3138[0m
[0mGET /celebrities/595e50a0e50f4e47a19d1482 [31m500 [0m3.000 ms - 3576[0m
[0mGET /celebrities/stylesheets/style.css [33m404 [0m1.410 ms - 3138[0m
[0mGET /celebrities/595e50a0e50f4e47a19d1482 [31m500 [0m31.921 ms - 3576[0m
[0mGET /celebrities/stylesheets/style.css [33m404 [0m3.540 ms - 3138[0m
[0mGET /celebrities/595e50a0e50f4e47a19d1482 [32m200 [0m30.343 ms - 308[0m
[0mGET /celebrities/stylesheets/style.css [33m404 [0m7.959 ms - 3138[0m
[0mGET /celebrities/595e50a0e50f4e47a19d1482 [36m304 [0m23.847 ms - -[0m
[0mGET /celebrities/stylesheets/style.css [33m404 [0m2.654 ms - 3138[0m
[0mGET /celebrities/595e50a0e50f4e47a19d1482 [36m304 [0m32.648 ms - -[0m
[0mGET /celebrities/stylesheets/style.css [33m404 [0m6.904 ms - 3138[0m
[0mGET /celebrities/595e50a0e50f4e47a19d1482 [32m200 [0m25.559 ms - 340[0m
[0mGET /celebrities/stylesheets/style.css [33m404 [0m2.582 ms - 3138[0m
[0mGET / [36m304 [0m2.523 ms - -[0m
[0mGET /stylesheets/style.css [36m304 [0m1.981 ms - -[0m
[0mGET /celebrities [36m304 [0m6.984 ms - -[0m
[0mGET /stylesheets/style.css [36m304 [0m0.400 ms - -[0m
[0mGET /celebrities/595e50a0e50f4e47a19d1482 [36m304 [0m4.264 ms - -[0m
[0mGET /celebrities/stylesheets/style.css [33m404 [0m1.973 ms - 3138[0m
[0mGET /celebrities/595e50a0e50f4e47a19d1482 [32m200 [0m3.783 ms - 343[0m
[0mGET /stylesheets/style.css [36m304 [0m0.444 ms - -[0m
[0mGET / [32m200 [0m1.247 ms - 273[0m
[0mGET /stylesheets/style.css [36m304 [0m0.277 ms - -[0m
[0mGET /celebrities [32m200 [0m2.145 ms - 523[0m
[0mGET /stylesheets/style.css [36m304 [0m0.385 ms - -[0m
[0mGET /celebrities/595e50a0e50f4e47a19d1482 [36m304 [0m2.920 ms - -[0m
[0mGET /stylesheets/style.css [36m304 [0m0.235 ms - -[0m
[0mGET /celebrities [36m304 [0m1.693 ms - -[0m
[0mGET /stylesheets/style.css [36m304 [0m0.386 ms - -[0m
[0mGET /celebrities/595e50a0e50f4e47a19d1483 [32m200 [0m2.202 ms - 346[0m
[0mGET /stylesheets/style.css [36m304 [0m0.209 ms - -[0m
[0mGET /celebrities [36m304 [0m2.820 ms - -[0m
[0mGET /stylesheets/style.css [36m304 [0m0.231 ms - -[0m
[0mGET /celebrities/595e50a0e50f4e47a19d1484 [32m200 [0m1.943 ms - 338[0m
[0mGET /stylesheets/style.css [36m304 [0m1.014 ms - -[0m
[0mGET /celebrities/595e50a0e50f4e47a19d1484 [36m304 [0m1.974 ms - -[0m
[0mGET /stylesheets/style.css [32m200 [0m3.021 ms - 164[0m
[0mGET /celebrities/595e50a0e50f4e47a19d1484 [36m304 [0m2.014 ms - -[0m
[0mGET /stylesheets/style.css [32m200 [0m0.508 ms - 194[0m
[0mGET /celebrities/595e50a0e50f4e47a19d1484 [36m304 [0m2.310 ms - -[0m
[0mGET /stylesheets/style.css [32m200 [0m0.384 ms - 211[0m
[0mGET /celebrities/595e50a0e50f4e47a19d1484 [36m304 [0m1.832 ms - -[0m
[0mGET /stylesheets/style.css [32m200 [0m1.695 ms - 236[0m
[0mGET /celebrities/595e50a0e50f4e47a19d1484 [36m304 [0m2.572 ms - -[0m
[0mGET /stylesheets/style.css [32m200 [0m0.339 ms - 232[0m
[0mGET /celebrities/595e50a0e50f4e47a19d1484 [36m304 [0m2.051 ms - -[0m
[0mGET /stylesheets/style.css [32m200 [0m0.434 ms - 248[0m
[0mGET /stylesheets/style.css [32m200 [0m0.579 ms - 248[0m
[0mGET /celebrities/595e50a0e50f4e47a19d1484 [36m304 [0m1.643 ms - -[0m
[0mGET /stylesheets/style.css [32m200 [0m0.403 ms - 247[0m
[0mGET /celebrities/595e50a0e50f4e47a19d1484 [36m304 [0m2.153 ms - -[0m
[0mGET /stylesheets/style.css [32m200 [0m0.592 ms - 247[0m
[0mGET /celebrities/595e50a0e50f4e47a19d1484 [36m304 [0m5.292 ms - -[0m
[0mGET /stylesheets/style.css [32m200 [0m0.441 ms - 250[0m
[0mGET /celebrities/595e50a0e50f4e47a19d1484 [36m304 [0m2.242 ms - -[0m
[0mGET /stylesheets/style.css [32m200 [0m0.357 ms - 248[0m
[0mGET /celebrities/595e50a0e50f4e47a19d1484 [36m304 [0m2.373 ms - -[0m
[0mGET /stylesheets/style.css [32m200 [0m0.339 ms - 247[0m
[0mGET / [36m304 [0m0.775 ms - -[0m
[0mGET /stylesheets/style.css [36m304 [0m0.359 ms - -[0m
[0mGET /celebrities [36m304 [0m2.487 ms - -[0m
[0mGET /stylesheets/style.css [36m304 [0m0.769 ms - -[0m
[0mGET /celebrities/595e50a0e50f4e47a19d1482 [36m304 [0m4.021 ms - -[0m
[0mGET /stylesheets/style.css [36m304 [0m0.219 ms - -[0m
[0mGET /celebrities [36m304 [0m1.452 ms - -[0m
[0mGET /stylesheets/style.css [36m304 [0m0.199 ms - -[0m
[0mGET /celebrities/595e50a0e50f4e47a19d1483 [36m304 [0m1.573 ms - -[0m
[0mGET /stylesheets/style.css [36m304 [0m0.258 ms - -[0m
[0mGET /celebrities [36m304 [0m1.521 ms - -[0m
[0mGET /stylesheets/style.css [36m304 [0m0.290 ms - -[0m
[0mGET /celebrities/595e50a0e50f4e47a19d1484 [36m304 [0m1.701 ms - -[0m
[0mGET /stylesheets/style.css [36m304 [0m0.210 ms - -[0m
[0mGET /celebrities/595e50a0e50f4e47a19d1484 [36m304 [0m2.569 ms - -[0m
[0mGET /stylesheets/style.css [32m200 [0m0.339 ms - 262[0m
[0mGET /celebrities/595e50a0e50f4e47a19d1484 [36m304 [0m1.745 ms - -[0m
[0mGET /stylesheets/style.css [32m200 [0m0.577 ms - 262[0m
[0mGET /celebrities/595e50a0e50f4e47a19d1484 [36m304 [0m2.692 ms - -[0m
[0mGET /stylesheets/style.css [32m200 [0m0.585 ms - 264[0m
[0mGET /celebrities/595e50a0e50f4e47a19d1484 [32m200 [0m23.917 ms - 395[0m
[0mGET /stylesheets/style.css [36m304 [0m2.641 ms - -[0m
[0mGET /celebrities/celebrities/new [33m404 [0m3.029 ms - 3198[0m
[0mGET /celebrities/stylesheets/style.css [33m404 [0m2.504 ms - 3198[0m
[0mGET /celebrities/celebrities/new [33m404 [0m2.071 ms - 3198[0m
[0mGET /celebrities/stylesheets/style.css [33m404 [0m1.329 ms - 3198[0m
[0mGET /celebrities/celebrities/new [33m404 [0m13.773 ms - 3198[0m
[0mGET /celebrities/stylesheets/style.css [33m404 [0m6.321 ms - 3198[0m
[0mGET /celebrities/celebrities/new [33m404 [0m2.956 ms - 3187[0m
[0mGET /celebrities/stylesheets/style.css [33m404 [0m2.777 ms - 3187[0m
[0mGET / [32m200 [0m2.187 ms - 319[0m
[0mGET /stylesheets/style.css [36m304 [0m3.179 ms - -[0m
[0mGET /celebrities [32m200 [0m17.413 ms - 569[0m
[0mGET /stylesheets/style.css [36m304 [0m1.661 ms - -[0m
[0mGET /new [33m404 [0m1.995 ms - 3199[0m
[0mGET /stylesheets/style.css [36m304 [0m0.423 ms - -[0m
[0mGET /new [33m404 [0m1.430 ms - 3210[0m
[0mGET /stylesheets/style.css [36m304 [0m0.336 ms - -[0m
[0mGET /celebrities [32m200 [0m7.399 ms - 581[0m
[0mGET /stylesheets/style.css [36m304 [0m0.213 ms - -[0m
[0mGET /celebrities/new [31m500 [0m4.767 ms - 3489[0m
[0mGET /stylesheets/style.css [36m304 [0m0.457 ms - -[0m
[0mGET /celebrities/new [31m500 [0m20.035 ms - 3489[0m
[0mGET /stylesheets/style.css [36m304 [0m2.851 ms - -[0m
[0mGET /celebrities/new [31m500 [0m3.068 ms - 3489[0m
[0mGET /stylesheets/style.css [36m304 [0m0.464 ms - -[0m
[0mGET /celebrities/new [31m500 [0m1.550 ms - 3489[0m
[0mGET /stylesheets/style.css [36m304 [0m0.309 ms - -[0m
[0mGET /celebrities/new [31m500 [0m21.492 ms - 3489[0m
[0mGET /stylesheets/style.css [36m304 [0m2.747 ms - -[0m
[0mGET /celebrities/new [31m500 [0m2.521 ms - 3489[0m
[0mGET /stylesheets/style.css [36m304 [0m0.420 ms - -[0m
[0mGET /celebrities [36m304 [0m11.850 ms - -[0m
[0mGET /stylesheets/style.css [36m304 [0m1.339 ms - -[0m
[0mGET /celebrities/595e50a0e50f4e47a19d1482 [32m200 [0m6.129 ms - 401[0m
[0mGET /stylesheets/style.css [36m304 [0m0.439 ms - -[0m
[0mGET /celebrities [36m304 [0m4.761 ms - -[0m
[0mGET /stylesheets/style.css [36m304 [0m1.346 ms - -[0m
[0mGET /celebrities/595e50a0e50f4e47a19d1484 [32m200 [0m3.886 ms - 396[0m
[0mGET /stylesheets/style.css [36m304 [0m1.667 ms - -[0m
[0mGET /celebrities [36m304 [0m2.490 ms - -[0m
[0mGET /stylesheets/style.css [36m304 [0m0.649 ms - -[0m
[0mGET /celebrities/595e50a0e50f4e47a19d1483 [32m200 [0m2.112 ms - 404[0m
[0mGET /stylesheets/style.css [36m304 [0m0.341 ms - -[0m
[0mGET /celebrities/new [31m500 [0m1.558 ms - 3489[0m
[0mGET /stylesheets/style.css [36m304 [0m0.236 ms - -[0m
[0mGET /celebrities/new [31m500 [0m2.222 ms - 3489[0m
[0mGET /stylesheets/style.css [36m304 [0m0.331 ms - -[0m
[0mGET /celebrities/new [31m500 [0m3.378 ms - 3489[0m
[0mGET /stylesheets/style.css [36m304 [0m0.252 ms - -[0m
[0mGET /celebrities/new [31m500 [0m1.515 ms - 3489[0m
[0mGET /stylesheets/style.css [36m304 [0m0.225 ms - -[0m
[0mGET /celebrities/new [31m500 [0m1.277 ms - 3489[0m
[0mGET /stylesheets/style.css [36m304 [0m0.252 ms - -[0m
[0mGET /celebrities/new [31m500 [0m2.629 ms - 3489[0m
[0mGET /stylesheets/style.css [36m304 [0m0.219 ms - -[0m
[0mGET /celebrities/new [31m500 [0m1.662 ms - 3489[0m
[0mGET /stylesheets/style.css [36m304 [0m0.307 ms - -[0m
[0mGET /celebrities [36m304 [0m2.165 ms - -[0m
[0mGET /stylesheets/style.css [36m304 [0m0.210 ms - -[0m
[0mGET /celebrities/595e50a0e50f4e47a19d1482 [36m304 [0m1.930 ms - -[0m
[0mGET /stylesheets/style.css [36m304 [0m0.655 ms - -[0m
[0mGET /celebrities [36m304 [0m23.729 ms - -[0m
[0mGET /stylesheets/style.css [36m304 [0m2.563 ms - -[0m
[0mGET /celebrities/new [32m200 [0m2.234 ms - 621[0m
[0mGET /stylesheets/style.css [36m304 [0m0.405 ms - -[0m
[0mGET /celebrities [36m304 [0m2.998 ms - -[0m
[0mGET /stylesheets/style.css [36m304 [0m0.294 ms - -[0m
[0mGET /celebrities/595e50a0e50f4e47a19d1482 [36m304 [0m4.657 ms - -[0m
[0mGET /stylesheets/style.css [36m304 [0m0.247 ms - -[0m
[0mGET /celebrities/new [36m304 [0m0.938 ms - -[0m
[0mGET /stylesheets/style.css [36m304 [0m0.203 ms - -[0m
[0mGET /celebrities/new [32m200 [0m2.145 ms - 654[0m
[0mGET /stylesheets/style.css [36m304 [0m0.510 ms - -[0m
[0mGET /celebrities/new [32m200 [0m1.637 ms - 747[0m
[0mGET /stylesheets/style.css [36m304 [0m0.548 ms - -[0m
[0mGET /celebrities/new [36m304 [0m12.378 ms - -[0m
[0mGET /stylesheets/style.css [36m304 [0m2.170 ms - -[0m
[0mGET /celebrities/new [36m304 [0m1.711 ms - -[0m
[0mGET /stylesheets/style.css [36m304 [0m4.298 ms - -[0m
[0mGET /celebrities/new [36m304 [0m12.071 ms - -[0m
[0mGET /stylesheets/style.css [36m304 [0m1.602 ms - -[0m
[0mGET /celebrities [36m304 [0m13.192 ms - -[0m
[0mGET /stylesheets/style.css [36m304 [0m0.390 ms - -[0m
[0mGET /celebrities/new [36m304 [0m1.196 ms - -[0m
[0mGET /stylesheets/style.css [36m304 [0m1.004 ms - -[0m
[0mPOST /celebrities [36m302 [0m33.347 ms - 74[0m
[0mGET /celebrities/new [36m304 [0m1.587 ms - -[0m
[0mGET /stylesheets/style.css [36m304 [0m0.942 ms - -[0m
[0mGET /celebrities [32m200 [0m4.744 ms - 663[0m
[0mGET /stylesheets/style.css [36m304 [0m1.542 ms - -[0m
[0mGET /celebrities/595e6ce96603cf4b7d1cc175 [32m200 [0m5.407 ms - 396[0m
[0mGET /stylesheets/style.css [36m304 [0m1.064 ms - -[0m
[0mGET /celebrities/new [36m304 [0m1.548 ms - -[0m
[0mGET /stylesheets/style.css [36m304 [0m0.460 ms - -[0m
[0mGET /celebrities/new [36m304 [0m0.910 ms - -[0m
[0mGET /stylesheets/style.css [36m304 [0m0.303 ms - -[0m
[0mGET /celebrities [32m200 [0m2.843 ms - 1287[0m
[0mGET /stylesheets/style.css [36m304 [0m0.267 ms - -[0m
[0mPOST /celebrities/595e50a0e50f4e47a19d1482/delete [33m404 [0m1.796 ms - 3199[0m
[0mGET /celebrities/stylesheets/style.css [33m404 [0m1.048 ms - 3199[0m
[0mGET /celebrities [36m304 [0m27.275 ms - -[0m
[0mGET /stylesheets/style.css [36m304 [0m2.934 ms - -[0m
[0mGET / [32m200 [0m2.768 ms - 331[0m
[0mGET /stylesheets/style.css [36m304 [0m0.426 ms - -[0m
[0mGET /celebrities [36m304 [0m2.965 ms - -[0m
[0mGET /stylesheets/style.css [36m304 [0m0.228 ms - -[0m
[0mGET /celebrities/595e50a0e50f4e47a19d1484 [36m304 [0m5.231 ms - -[0m
[0mGET /stylesheets/style.css [36m304 [0m0.195 ms - -[0m
[0mGET /celebrities [36m304 [0m1.715 ms - -[0m
[0mGET /stylesheets/style.css [36m304 [0m0.210 ms - -[0m
[0mGET /celebrities [36m304 [0m25.204 ms - -[0m
[0mGET /stylesheets/style.css [36m304 [0m2.314 ms - -[0m
[0mPOST /celebrities/595e6ce96603cf4b7d1cc175/delete [36m302 [0m18.969 ms - 78[0m
[0mGET /celebrities/595e6ce96603cf4b7d1cc175/celebrities/index [33m404 [0m1.671 ms - 3199[0m
[0mGET /celebrities/595e6ce96603cf4b7d1cc175/stylesheets/style.css [33m404 [0m1.236 ms - 3199[0m
[0mGET /celebrities [32m200 [0m4.446 ms - 1049[0m
[0mGET /stylesheets/style.css [36m304 [0m1.033 ms - -[0m
[0mGET /celebrities [36m304 [0m28.077 ms - -[0m
[0mGET /stylesheets/style.css [36m304 [0m5.577 ms - -[0m
[0mPOST /celebrities/595e50a0e50f4e47a19d1484/delete [36m302 [0m16.881 ms - 66[0m
[0mGET /celebrities/595e50a0e50f4e47a19d1484/celebrities [33m404 [0m1.734 ms - 3199[0m
[0mGET /celebrities/stylesheets/style.css [33m404 [0m1.266 ms - 3199[0m
[0mGET /celebrities/595e50a0e50f4e47a19d1484/celebrities [33m404 [0m0.796 ms - 3199[0m
[0mGET /celebrities/stylesheets/style.css [33m404 [0m0.934 ms - 3199[0m
[0mGET /celebrities [32m200 [0m3.254 ms - 817[0m
[0mGET /stylesheets/style.css [36m304 [0m0.339 ms - -[0m
[0mGET /celebrities [36m304 [0m24.885 ms - -[0m
[0mGET /stylesheets/style.css [36m304 [0m5.583 ms - -[0m
[0mPOST /celebrities/595e50a0e50f4e47a19d1483/delete [36m302 [0m15.747 ms - 78[0m
[0mGET /celebrities/595e50a0e50f4e47a19d1483/celebrities/index [33m404 [0m1.610 ms - 3199[0m
[0mGET /celebrities/595e50a0e50f4e47a19d1483/stylesheets/style.css [33m404 [0m1.305 ms - 3199[0m
[0mGET /celebrities/595e50a0e50f4e47a19d1483/celebrities/index [33m404 [0m3.218 ms - 3199[0m
[0mGET /celebrities [32m200 [0m26.281 ms - 580[0m
[0mGET /stylesheets/style.css [36m304 [0m5.943 ms - -[0m
[0mPOST /celebrities/595e50a0e50f4e47a19d1482/delete [36m302 [0m15.834 ms - 54[0m
[0mGET /celebrities/595e50a0e50f4e47a19d1482/index [33m404 [0m1.741 ms - 3199[0m
[0mGET /celebrities/stylesheets/style.css [33m404 [0m0.994 ms - 3199[0m
[0mGET /celebrities [32m200 [0m27.308 ms - 347[0m
[0mGET /stylesheets/style.css [36m304 [0m5.928 ms - -[0m
[0mGET /celebrities/new [36m304 [0m2.037 ms - -[0m
[0mGET /stylesheets/style.css [36m304 [0m0.409 ms - -[0m
[0mPOST /celebrities [36m302 [0m26.196 ms - 74[0m
[0mGET /celebrities/new [36m304 [0m0.836 ms - -[0m
[0mGET /stylesheets/style.css [36m304 [0m0.297 ms - -[0m
[0mGET /celebrities [32m200 [0m3.684 ms - 571[0m
[0mGET /stylesheets/style.css [36m304 [0m0.240 ms - -[0m
[0mPOST /celebrities/595e6f017a45c74bc0ca86ba/delete [36m302 [0m7.086 ms - 46[0m
[0mGET / [36m304 [0m1.450 ms - -[0m
[0mGET /stylesheets/style.css [36m304 [0m0.254 ms - -[0m
[0mGET /celebrities [32m200 [0m1.796 ms - 347[0m
[0mGET /stylesheets/style.css [36m304 [0m0.190 ms - -[0m
[0mGET /celebrities/new [36m304 [0m0.800 ms - -[0m
[0mGET /stylesheets/style.css [36m304 [0m0.199 ms - -[0m
[0mPOST /celebrities [36m302 [0m2.482 ms - 74[0m
[0mGET /celebrities/new [36m304 [0m1.129 ms - -[0m
[0mGET /stylesheets/style.css [36m304 [0m1.029 ms - -[0m
[0mGET /celebrities [32m200 [0m6.254 ms - 584[0m
[0mGET /stylesheets/style.css [36m304 [0m0.406 ms - -[0m
[0mPOST /celebrities/595e6f127a45c74bc0ca86bb/delete [36m302 [0m2.503 ms - 46[0m
[0mGET / [36m304 [0m1.846 ms - -[0m
[0mGET /stylesheets/style.css [36m304 [0m1.059 ms - -[0m
[0mGET /celebrities [32m200 [0m3.234 ms - 347[0m
[0mGET /stylesheets/style.css [36m304 [0m1.028 ms - -[0m
[0mGET /celebrities [36m304 [0m22.987 ms - -[0m
[0mGET /stylesheets/style.css [36m304 [0m2.779 ms - -[0m
[0mGET /celebrities/new [36m304 [0m1.514 ms - -[0m
[0mGET /stylesheets/style.css [36m304 [0m0.388 ms - -[0m
[0mPOST /celebrities [36m302 [0m29.145 ms - 74[0m
[0mGET /celebrities/new [36m304 [0m1.662 ms - -[0m
[0mGET /stylesheets/style.css [36m304 [0m1.522 ms - -[0m
[0mPOST /celebrities [36m302 [0m3.304 ms - 74[0m
[0mGET /celebrities/new [36m304 [0m2.117 ms - -[0m
[0mGET /stylesheets/style.css [36m304 [0m1.300 ms - -[0m
[0mGET /celebrities [32m200 [0m6.848 ms - 815[0m
[0mGET /stylesheets/style.css [36m304 [0m1.226 ms - -[0m
[0mPOST /celebrities/595e6f39a10f434bc70d9804/delete [36m302 [0m4.643 ms - 68[0m
[0mGET /celebrities [32m200 [0m2.560 ms - 584[0m
[0mGET /stylesheets/style.css [36m304 [0m0.357 ms - -[0m
[0mGET /celebrities [36m304 [0m26.037 ms - -[0m
[0mGET /stylesheets/style.css [36m304 [0m1.774 ms - -[0m
[0mGET /celebrities/595e6f31a10f434bc70d9803 [32m200 [0m5.365 ms - 402[0m
[0mGET /stylesheets/style.css [36m304 [0m0.405 ms - -[0m
[0mGET /celebrities [36m304 [0m26.176 ms - -[0m
[0mGET /stylesheets/style.css [36m304 [0m5.449 ms - -[0m
[0mGET /celebrities [36m304 [0m3.149 ms - -[0m
[0mGET /stylesheets/style.css [36m304 [0m0.390 ms - -[0m
[0mGET / [36m304 [0m1.359 ms - -[0m
[0mGET /stylesheets/style.css [36m304 [0m0.303 ms - -[0m
[0mGET /celebrities [36m304 [0m1.906 ms - -[0m
[0mGET /stylesheets/style.css [36m304 [0m0.187 ms - -[0m
[0mGET /celebrities/595e6f31a10f434bc70d9803 [36m304 [0m4.167 ms - -[0m
[0mGET /stylesheets/style.css [36m304 [0m0.235 ms - -[0m
[0mGET /celebrities [36m304 [0m2.676 ms - -[0m
[0mGET /stylesheets/style.css [36m304 [0m0.221 ms - -[0m
[0mGET /celebrities/new [36m304 [0m2.223 ms - -[0m
[0mGET /stylesheets/style.css [36m304 [0m1.022 ms - -[0m
[0mGET /celebrities [36m304 [0m2.952 ms - -[0m
[0mGET /stylesheets/style.css [36m304 [0m0.470 ms - -[0m
[0mGET /celebrities/595e6f31a10f434bc70d9803 [36m304 [0m2.864 ms - -[0m
[0mGET /stylesheets/style.css [36m304 [0m0.287 ms - -[0m
[0mGET /celebrities [36m304 [0m1.769 ms - -[0m
[0mGET /stylesheets/style.css [36m304 [0m0.260 ms - -[0m
[0mGET /celebrities [32m200 [0m2.582 ms - 736[0m
[0mGET /stylesheets/style.css [36m304 [0m0.235 ms - -[0m
[0mPOST /celebrities/595e6f31a10f434bc70d9803/edit [33m404 [0m9.355 ms - 3199[0m
[0mGET /celebrities/stylesheets/style.css [33m404 [0m1.143 ms - 3199[0m
[0mPOST /celebrities/595e6f31a10f434bc70d9803/edit [33m404 [0m1.512 ms - 3199[0m
[0mGET /celebrities/stylesheets/style.css [33m404 [0m1.159 ms - 3199[0m
[0mPOST /celebrities/595e6f31a10f434bc70d9803/edit [33m404 [0m23.990 ms - 3199[0m
[0mGET /celebrities/stylesheets/style.css [33m404 [0m2.874 ms - 3199[0m
[0mGET /celebrities/edit [31m500 [0m8.668 ms - 3491[0m
[0mGET /stylesheets/style.css [36m304 [0m2.381 ms - -[0m
[0mGET /celebrities/595e6f31a10f434bc70d9803 [36m304 [0m11.022 ms - -[0m
[0mGET /stylesheets/style.css [36m304 [0m0.558 ms - -[0m
[0mGET /celebrities/new [36m304 [0m1.134 ms - -[0m
[0mGET /stylesheets/style.css [36m304 [0m0.311 ms - -[0m
[0mPOST /celebrities [36m302 [0m19.781 ms - 74[0m
[0mGET /celebrities/new [36m304 [0m0.823 ms - -[0m
[0mGET /stylesheets/style.css [36m304 [0m0.194 ms - -[0m
[0mGET /celebrities [32m200 [0m4.464 ms - 1117[0m
[0mGET /stylesheets/style.css [36m304 [0m0.262 ms - -[0m
[0mPOST /celebrities/595e74040eada34c18b1bf92/edit [33m404 [0m1.174 ms - 3199[0m
[0mGET /celebrities/stylesheets/style.css [33m404 [0m1.273 ms - 3199[0m
[0mGET /celebrities/595e74040eada34c18b1bf92/edit [32m200 [0m31.660 ms - 787[0m
[0mGET /celebrities/stylesheets/style.css [33m404 [0m6.437 ms - 3199[0m
[0mGET /celebrities/595e74040eada34c18b1bf92/edit [36m304 [0m3.841 ms - -[0m
[0mGET /celebrities/stylesheets/style.css [33m404 [0m1.390 ms - 3199[0m
[0mGET /celebrities [36m304 [0m3.228 ms - -[0m
[0mGET /stylesheets/style.css [36m304 [0m1.245 ms - -[0m
[0mPOST /celebrities/595e6f31a10f434bc70d9803/edit [33m404 [0m9.017 ms - 3199[0m
[0mGET /celebrities/stylesheets/style.css [33m404 [0m0.653 ms - 3199[0m
[0mPOST /celebrities/595e6f31a10f434bc70d9803/edit [33m404 [0m19.849 ms - 3198[0m
[0mGET /celebrities/595e6f31a10f434bc70d9803/stylesheets/style.css [33m404 [0m3.281 ms - 3198[0m
[0mPOST /celebrities/595e6f31a10f434bc70d9803/edit [33m404 [0m1.156 ms - 3198[0m
[0mGET /celebrities/595e6f31a10f434bc70d9803/stylesheets/style.css [33m404 [0m0.746 ms - 3198[0m
[0mPOST /celebrities/595e6f31a10f434bc70d9803/edit [33m404 [0m1.010 ms - 3198[0m
[0mGET /celebrities/595e6f31a10f434bc70d9803/stylesheets/style.css [33m404 [0m1.492 ms - 3198[0m
[0mPOST /celebrities/595e74040eada34c18b1bf92/edit [33m404 [0m1.015 ms - 3198[0m
[0mGET /celebrities/595e74040eada34c18b1bf92/stylesheets/style.css [33m404 [0m2.925 ms - 3198[0m
[0mGET /celebrities [36m304 [0m17.365 ms - -[0m
[0mGET /stylesheets/style.css [36m304 [0m2.513 ms - -[0m
[0mPOST /celebrities/595e6f31a10f434bc70d9803/edit [33m404 [0m1.684 ms - 3199[0m
[0mGET /celebrities/stylesheets/style.css [33m404 [0m2.149 ms - 3199[0m
[0mPOST /celebrities/595e74040eada34c18b1bf92/edit [33m404 [0m1.458 ms - 3199[0m
[0mGET /celebrities/stylesheets/style.css [33m404 [0m1.014 ms - 3199[0m
[0mGET /celebrities/595e74040eada34c18b1bf92 [32m200 [0m5.668 ms - 386[0m
[0mGET /stylesheets/style.css [36m304 [0m0.388 ms - -[0m
[0mGET /celebrities/595e6f31a10f434bc70d9803 [36m304 [0m1.954 ms - -[0m
[0mGET /stylesheets/style.css [36m304 [0m0.339 ms - -[0m
[0mPOST /celebrities/595e6f31a10f434bc70d9803/edit [33m404 [0m2.837 ms - 3199[0m
[0mGET /celebrities/stylesheets/style.css [33m404 [0m1.343 ms - 3199[0m
[0mPOST /celebrities/595e6f31a10f434bc70d9803/edit [33m404 [0m23.115 ms - 3199[0m
[0mGET /celebrities/stylesheets/style.css [33m404 [0m3.337 ms - 3199[0m
[0mGET /celebrities [36m304 [0m13.525 ms - -[0m
[0mGET /stylesheets/style.css [36m304 [0m1.652 ms - -[0m
[0mGET /celebrities [36m304 [0m3.180 ms - -[0m
[0mGET /stylesheets/style.css [36m304 [0m0.294 ms - -[0m
[0mGET /celebrities [36m304 [0m2.067 ms - -[0m
[0mGET /stylesheets/style.css [36m304 [0m0.220 ms - -[0m
[0mGET /celebrities [36m304 [0m1.893 ms - -[0m
[0mGET /stylesheets/style.css [36m304 [0m0.464 ms - -[0m
[0mGET /celebrities [36m304 [0m2.203 ms - -[0m
[0mGET /stylesheets/style.css [36m304 [0m0.203 ms - -[0m
[0mPOST /celebrities/595e6f31a10f434bc70d9803/edit [33m404 [0m1.354 ms - 3199[0m
[0mGET /celebrities/stylesheets/style.css [33m404 [0m0.957 ms - 3199[0m
[0mPOST /celebrities/595e6f31a10f434bc70d9803/edit [33m404 [0m26.185 ms - 3199[0m
[0mGET /celebrities/stylesheets/style.css [33m404 [0m3.314 ms - 3199[0m
[0mPOST /celebrities/595e6f31a10f434bc70d9803/edit [33m404 [0m1.674 ms - 3199[0m
[0mGET /celebrities/stylesheets/style.css [33m404 [0m1.286 ms - 3199[0m
[0mPOST /celebrities/595e74040eada34c18b1bf92/edit [33m404 [0m1.099 ms - 3199[0m
[0mGET /celebrities/stylesheets/style.css [33m404 [0m0.773 ms - 3199[0m
[0mGET /celebrities [36m304 [0m26.368 ms - -[0m
[0mGET /stylesheets/style.css [36m304 [0m2.242 ms - -[0m
[0mPOST /celebrities/595e6f31a10f434bc70d9803/edit [33m404 [0m10.643 ms - 3199[0m
[0mGET /celebrities/stylesheets/style.css [33m404 [0m1.133 ms - 3199[0m
[0mGET /celebrities/595e6f31a10f434bc70d9803 [36m304 [0m10.011 ms - -[0m
[0mGET /stylesheets/style.css [36m304 [0m0.455 ms - -[0m
[0mGET /celebrities/595e6f31a10f434bc70d9803 [36m304 [0m2.545 ms - -[0m
[0mGET /stylesheets/style.css [36m304 [0m0.281 ms - -[0m
[0mPOST /celebrities/595e6f31a10f434bc70d9803/edit [33m404 [0m1.405 ms - 3199[0m
[0mGET /celebrities/stylesheets/style.css [33m404 [0m1.265 ms - 3199[0m
[0mPOST /celebrities/595e6f31a10f434bc70d9803/delete [36m302 [0m7.991 ms - 68[0m
[0mGET /celebrities [32m200 [0m2.463 ms - 728[0m
[0mGET /stylesheets/style.css [36m304 [0m0.214 ms - -[0m
[0mPOST /celebrities/595e74040eada34c18b1bf92/edit [33m404 [0m1.556 ms - 3199[0m
[0mGET /celebrities/stylesheets/style.css [33m404 [0m0.732 ms - 3199[0m
[0mGET /celebrities [36m304 [0m28.376 ms - -[0m
[0mGET /stylesheets/style.css [36m304 [0m6.397 ms - -[0m
[0mPOST /celebrities/595e74040eada34c18b1bf92/edit [33m404 [0m10.414 ms - 3199[0m
[0mGET /celebrities/stylesheets/style.css [33m404 [0m1.375 ms - 3199[0m
[0mGET /celebrities [36m304 [0m28.254 ms - -[0m
[0mGET /stylesheets/style.css [36m304 [0m5.667 ms - -[0m
[0mGET /celebrities/edit [31m500 [0m7.354 ms - 3491[0m
[0mGET /stylesheets/style.css [36m304 [0m1.280 ms - -[0m
[0mGET /celebrities [36m304 [0m4.688 ms - -[0m
[0mGET /stylesheets/style.css [36m304 [0m2.037 ms - -[0m
[0mGET /celebrities/new [36m304 [0m2.434 ms - -[0m
[0mGET /stylesheets/style.css [36m304 [0m1.040 ms - -[0m
[0mPOST /celebrities [36m302 [0m27.704 ms - 74[0m
[0mGET /celebrities/new [36m304 [0m1.331 ms - -[0m
[0mGET /stylesheets/style.css [36m304 [0m1.236 ms - -[0m
[0mGET /celebrities [32m200 [0m2.743 ms - 1117[0m
[0mGET /stylesheets/style.css [36m304 [0m0.261 ms - -[0m
[0mGET /celebrities [32m200 [0m26.014 ms - 807[0m
[0mGET /stylesheets/style.css [36m304 [0m2.591 ms - -[0m
[0mPOST /celebrities/595e75184539fc4c480e97e5/edit [33m404 [0m10.330 ms - 3199[0m
[0mGET /celebrities/stylesheets/style.css [33m404 [0m1.613 ms - 3199[0m
[0mGET /celebrities [32m200 [0m4.710 ms - 1117[0m
[0mGET /stylesheets/style.css [36m304 [0m1.375 ms - -[0m
[0mGET /celebrities/595e74040eada34c18b1bf92 [36m304 [0m4.749 ms - -[0m
[0mGET /stylesheets/style.css [36m304 [0m0.623 ms - -[0m
[0mGET /celebrities/595e74040eada34c18b1bf92 [36m304 [0m2.342 ms - -[0m
[0mGET /stylesheets/style.css [36m304 [0m0.288 ms - -[0m
[0mPOST /celebrities/595e75184539fc4c480e97e5/edit [33m404 [0m1.973 ms - 3199[0m
[0mGET /celebrities/stylesheets/style.css [33m404 [0m1.259 ms - 3199[0m
[0mGET /celebrities [32m200 [0m3.227 ms - 1115[0m
[0mGET /stylesheets/style.css [36m304 [0m0.236 ms - -[0m
[0mGET /celebrities [36m304 [0m1.941 ms - -[0m
[0mGET /stylesheets/style.css [36m304 [0m0.212 ms - -[0m
[0mGET /celebrities [36m304 [0m1.725 ms - -[0m
[0mGET /stylesheets/style.css [36m304 [0m0.223 ms - -[0m
[0mGET /celebrities [36m304 [0m25.731 ms - -[0m
[0mGET /stylesheets/style.css [36m304 [0m6.497 ms - -[0m
[0mGET /celebrities/595e75184539fc4c480e97e5/edit? [32m200 [0m6.863 ms - 798[0m
[0mGET /celebrities/stylesheets/style.css [33m404 [0m1.338 ms - 3199[0m
[0mGET /celebrities/595e75184539fc4c480e97e5/edit? [36m304 [0m4.581 ms - -[0m
[0mGET /celebrities/stylesheets/style.css [33m404 [0m1.925 ms - 3199[0m
[0mGET /celebrities/595e74040eada34c18b1bf92/edit? [32m200 [0m3.475 ms - 787[0m
[0mGET /celebrities/stylesheets/style.css [33m404 [0m1.266 ms - 3199[0m
[0mGET /celebrities [36m304 [0m26.086 ms - -[0m
[0mGET /stylesheets/style.css [36m304 [0m6.088 ms - -[0m
[0mGET /celebrities/595e74040eada34c18b1bf92/edit? [36m304 [0m6.803 ms - -[0m
[0mGET /celebrities/stylesheets/style.css [33m404 [0m1.674 ms - 3199[0m
[0mPOST /celebrities595e74040eada34c18b1bf92 [33m404 [0m11.482 ms - 3206[0m
[0mGET /stylesheets/style.css [36m304 [0m0.548 ms - -[0m
[0mGET /celebrities [36m304 [0m7.276 ms - -[0m
[0mGET /stylesheets/style.css [36m304 [0m0.432 ms - -[0m
[0mGET /celebrities/595e74040eada34c18b1bf92/edit? [36m304 [0m2.560 ms - -[0m
[0mGET /celebrities/stylesheets/style.css [33m404 [0m0.937 ms - 3199[0m
[0mPOST /celebrities595e74040eada34c18b1bf92 [33m404 [0m1.402 ms - 3206[0m
[0mGET /stylesheets/style.css [36m304 [0m0.297 ms - -[0m
[0mGET /celebrities [36m304 [0m2.680 ms - -[0m
[0mGET /stylesheets/style.css [36m304 [0m1.101 ms - -[0m
[0mGET /celebrities/595e74040eada34c18b1bf92/edit? [36m304 [0m5.785 ms - -[0m
[0mGET /celebrities/stylesheets/style.css [33m404 [0m0.777 ms - 3199[0m
[0mGET /celebrities/595e74040eada34c18b1bf92/edit? [32m200 [0m1.879 ms - 788[0m
[0mGET /celebrities/stylesheets/style.css [33m404 [0m0.801 ms - 3199[0m
[0mPOST /celebrities/595e74040eada34c18b1bf92 [36m302 [0m6.404 ms - 68[0m
[0mGET /celebrities [36m304 [0m1.899 ms - -[0m
[0mGET /stylesheets/style.css [36m304 [0m0.239 ms - -[0m
[0mGET /celebrities/595e74040eada34c18b1bf92/edit? [36m304 [0m2.167 ms - -[0m
[0mGET /celebrities/stylesheets/style.css [33m404 [0m0.693 ms - 3199[0m
[0mPOST /celebrities/595e74040eada34c18b1bf92 [36m302 [0m0.892 ms - 68[0m
[0mGET /celebrities [36m304 [0m2.420 ms - -[0m
[0mGET /stylesheets/style.css [36m304 [0m0.290 ms - -[0m
[0mGET /celebrities [36m304 [0m24.778 ms - -[0m
[0mGET /stylesheets/style.css [36m304 [0m2.127 ms - -[0m
[0mGET /celebrities/595e74040eada34c18b1bf92/edit? [36m304 [0m5.079 ms - -[0m
[0mGET /celebrities/stylesheets/style.css [33m404 [0m1.548 ms - 3199[0m
[0mPOST /celebrities/595e74040eada34c18b1bf92 [36m302 [0m18.845 ms - 68[0m
[0mGET /celebrities [36m304 [0m2.186 ms - -[0m
[0mGET /stylesheets/style.css [36m304 [0m0.294 ms - -[0m
[0mGET /celebrities [36m304 [0m25.361 ms - -[0m
[0mGET /stylesheets/style.css [36m304 [0m2.781 ms - -[0m
[0mGET /celebrities/595e74040eada34c18b1bf92/edit? [36m304 [0m5.024 ms - -[0m
[0mGET /celebrities/stylesheets/style.css [33m404 [0m2.175 ms - 3199[0m
[0mPOST /celebrities/595e74040eada34c18b1bf92 [36m302 [0m18.324 ms - 68[0m
[0mGET /celebrities [36m304 [0m2.649 ms - -[0m
[0mGET /stylesheets/style.css [36m304 [0m0.335 ms - -[0m
[0mGET /celebrities [36m304 [0m5.451 ms - -[0m
[0mGET /stylesheets/style.css [36m304 [0m1.201 ms - -[0m
[0mGET /celebrities [36m304 [0m31.222 ms - -[0m
[0mGET /stylesheets/style.css [36m304 [0m6.129 ms - -[0m
[0mGET /celebrities/595e74040eada34c18b1bf92/edit? [36m304 [0m5.412 ms - -[0m
[0mGET /celebrities/stylesheets/style.css [33m404 [0m1.540 ms - 3199[0m
[0mPOST /celebrities/595e74040eada34c18b1bf92 [36m302 [0m19.308 ms - 68[0m
[0mGET /celebrities [36m304 [0m2.018 ms - -[0m
[0mGET /stylesheets/style.css [36m304 [0m0.293 ms - -[0m
[0mGET /celebrities [36m304 [0m29.560 ms - -[0m
[0mGET /stylesheets/style.css [36m304 [0m1.547 ms - -[0m
[0mGET /celebrities/595e74040eada34c18b1bf92/edit? [36m304 [0m5.190 ms - -[0m
[0mGET /celebrities/stylesheets/style.css [33m404 [0m1.983 ms - 3199[0m
[0mPOST /celebrities/595e74040eada34c18b1bf92 [36m302 [0m24.065 ms - 68[0m
[0mGET /celebrities [36m304 [0m2.650 ms - -[0m
[0mGET /stylesheets/style.css [36m304 [0m0.315 ms - -[0m
[0mGET /celebrities/595e74040eada34c18b1bf92/edit? [36m304 [0m25.542 ms - -[0m
[0mGET /celebrities/stylesheets/style.css [33m404 [0m8.770 ms - 3199[0m
[0mPOST /celebrities/595e74040eada34c18b1bf92 [36m302 [0m22.307 ms - 68[0m
[0mGET /celebrities [36m304 [0m3.880 ms - -[0m
[0mGET /stylesheets/style.css [36m304 [0m1.466 ms - -[0m
[0mGET /celebrities/595e74040eada34c18b1bf92 [32m200 [0m2.200 ms - 386[0m
[0mGET /stylesheets/style.css [36m304 [0m0.386 ms - -[0m
[0mGET /celebrities/595e74040eada34c18b1bf92 [36m304 [0m26.623 ms - -[0m
[0mGET /stylesheets/style.css [36m304 [0m2.306 ms - -[0m
[0mGET /celebrities [36m304 [0m4.324 ms - -[0m
[0mGET /stylesheets/style.css [36m304 [0m0.395 ms - -[0m
[0mGET /celebrities/595e74040eada34c18b1bf92 [36m304 [0m2.319 ms - -[0m
[0mGET /stylesheets/style.css [36m304 [0m0.260 ms - -[0m
[0mGET /celebrities/595e74040eada34c18b1bf92/edit? [36m304 [0m2.002 ms - -[0m
[0mGET /celebrities/stylesheets/style.css [33m404 [0m1.507 ms - 3199[0m
[0mPOST /celebrities/595e74040eada34c18b1bf92 [36m302 [0m21.297 ms - 68[0m
[0mGET /celebrities [36m304 [0m1.971 ms - -[0m
[0mGET /stylesheets/style.css [36m304 [0m0.289 ms - -[0m
[0mGET /celebrities/595e74040eada34c18b1bf92 [32m200 [0m3.618 ms - 386[0m
[0mGET /stylesheets/style.css [36m304 [0m1.009 ms - -[0m
[0mGET /celebrities/595e74040eada34c18b1bf92/edit? [36m304 [0m28.155 ms - -[0m
[0mGET /celebrities/stylesheets/style.css [33m404 [0m2.009 ms - 3199[0m
[0mPOST /celebrities/595e74040eada34c18b1bf92 [36m302 [0m19.883 ms - 68[0m
[0mGET /celebrities [36m304 [0m3.633 ms - -[0m
[0mGET /stylesheets/style.css [36m304 [0m1.315 ms - -[0m
[0mGET /celebrities [36m304 [0m27.532 ms - -[0m
[0mGET /stylesheets/style.css [36m304 [0m5.488 ms - -[0m
[0mGET /celebrities/595e74040eada34c18b1bf92/edit? [36m304 [0m5.291 ms - -[0m
[0mGET /celebrities/stylesheets/style.css [33m404 [0m1.735 ms - 3199[0m
[0mPOST /celebrities/595e74040eada34c18b1bf92 [36m302 [0m19.883 ms - 68[0m
[0mGET /celebrities [36m304 [0m2.431 ms - -[0m
[0mGET /stylesheets/style.css [36m304 [0m0.290 ms - -[0m
[0mGET /celebrities/595e74040eada34c18b1bf92 [32m200 [0m28.590 ms - 386[0m
[0mGET /stylesheets/style.css [36m304 [0m6.511 ms - -[0m
[0mGET /celebrities/595e74040eada34c18b1bf92 [36m304 [0m3.431 ms - -[0m
[0mGET /stylesheets/style.css [36m304 [0m0.397 ms - -[0m
[0mGET /celebrities/595e74040eada34c18b1bf92/edit? [36m304 [0m2.465 ms - -[0m
[0mGET /celebrities/stylesheets/style.css [33m404 [0m1.229 ms - 3199[0m
[0mPOST /celebrities/595e74040eada34c18b1bf92 [36m302 [0m18.532 ms - 68[0m
[0mGET /celebrities [36m304 [0m3.500 ms - -[0m
[0mGET /stylesheets/style.css [36m304 [0m0.252 ms - -[0m
[0mGET /celebrities/595e74040eada34c18b1bf92 [32m200 [0m28.050 ms - 386[0m
[0mGET /stylesheets/style.css [36m304 [0m6.232 ms - -[0m
[0mGET /celebrities/595e74040eada34c18b1bf92 [36m304 [0m3.545 ms - -[0m
[0mGET /stylesheets/style.css [36m304 [0m0.440 ms - -[0m
[0mGET /celebrities/595e74040eada34c18b1bf92 [36m304 [0m1.931 ms - -[0m
[0mGET /stylesheets/style.css [36m304 [0m0.316 ms - -[0m
[0mGET /celebrities/595e74040eada34c18b1bf92/edit? [36m304 [0m2.345 ms - -[0m
[0mGET /celebrities/stylesheets/style.css [33m404 [0m1.514 ms - 3199[0m
[0mPOST /celebrities/595e74040eada34c18b1bf92 [36m302 [0m18.598 ms - 68[0m
[0mGET /celebrities [36m304 [0m2.930 ms - -[0m
[0mGET /stylesheets/style.css [36m304 [0m0.199 ms - -[0m
[0mGET /celebrities/595e74040eada34c18b1bf92/edit? [36m304 [0m31.428 ms - -[0m
[0mGET /celebrities/stylesheets/style.css [33m404 [0m7.875 ms - 3199[0m
[0mPOST /celebrities/595e74040eada34c18b1bf92 [36m302 [0m19.469 ms - 68[0m
[0mGET /celebrities [36m304 [0m3.674 ms - -[0m
[0mGET /stylesheets/style.css [36m304 [0m1.274 ms - -[0m
[0mGET /celebrities [36m304 [0m30.254 ms - -[0m
[0mGET /stylesheets/style.css [36m304 [0m5.670 ms - -[0m
[0mGET /celebrities/595e74040eada34c18b1bf92/edit? [36m304 [0m5.054 ms - -[0m
[0mGET /celebrities/stylesheets/style.css [33m404 [0m1.694 ms - 3199[0m
[0mPOST /celebrities/595e74040eada34c18b1bf92 [36m302 [0m23.296 ms - 68[0m
[0mGET /celebrities [36m304 [0m2.052 ms - -[0m
[0mGET /stylesheets/style.css [36m304 [0m0.332 ms - -[0m
[0mGET /celebrities/595e74040eada34c18b1bf92/edit? [36m304 [0m29.260 ms - -[0m
[0mGET /celebrities/stylesheets/style.css [33m404 [0m7.065 ms - 3199[0m
[0mPOST /celebrities/595e74040eada34c18b1bf92 [36m302 [0m19.514 ms - 68[0m
[0mGET /celebrities [36m304 [0m3.585 ms - -[0m
[0mGET /stylesheets/style.css [36m304 [0m1.421 ms - -[0m
[0mGET /celebrities/595e74040eada34c18b1bf92/edit? [36m304 [0m30.141 ms - -[0m
[0mGET /celebrities/stylesheets/style.css [33m404 [0m7.652 ms - 3199[0m
[0mPOST /celebrities/595e74040eada34c18b1bf92 [36m302 [0m21.438 ms - 68[0m
[0mGET /celebrities [36m304 [0m3.614 ms - -[0m
[0mGET /stylesheets/style.css [36m304 [0m1.428 ms - -[0m
[0mGET /celebrities/595e74040eada34c18b1bf92/edit? [36m304 [0m27.605 ms - -[0m
[0mGET /celebrities/stylesheets/style.css [33m404 [0m3.221 ms - 3199[0m
[0mPOST /celebrities/595e74040eada34c18b1bf92 [36m302 [0m19.899 ms - 68[0m
[0mGET /celebrities [36m304 [0m4.770 ms - -[0m
[0mGET /stylesheets/style.css [36m304 [0m1.436 ms - -[0m
[0mGET /celebrities [36m304 [0m2.870 ms - -[0m
[0mGET /stylesheets/style.css [36m304 [0m0.296 ms - -[0m
[0mGET /celebrities [36m304 [0m1.871 ms - -[0m
[0mGET /stylesheets/style.css [36m304 [0m0.212 ms - -[0m
[0mGET /celebrities [36m304 [0m3.309 ms - -[0m
[0mGET /celebrities [36m304 [0m2.090 ms - -[0m
[0mGET /stylesheets/style.css [36m304 [0m0.249 ms - -[0m
[0mGET /celebrities/595e74040eada34c18b1bf92/edit? [36m304 [0m2.221 ms - -[0m
[0mGET /celebrities/stylesheets/style.css [33m404 [0m3.427 ms - 3199[0m
[0mPOST /celebrities/595e74040eada34c18b1bf92 [36m302 [0m2.009 ms - 68[0m
[0mGET /celebrities [36m304 [0m1.533 ms - -[0m
[0mGET /stylesheets/style.css [36m304 [0m0.207 ms - -[0m
[0mGET /celebrities/595e74040eada34c18b1bf92 [32m200 [0m3.040 ms - 386[0m
[0mGET /stylesheets/style.css [36m304 [0m0.260 ms - -[0m
[0mGET /celebrities/595e74040eada34c18b1bf92 [36m304 [0m28.567 ms - -[0m
[0mGET /stylesheets/style.css [36m304 [0m3.180 ms - -[0m
[0mGET /celebrities/595e74040eada34c18b1bf92/edit? [36m304 [0m4.145 ms - -[0m
[0mGET /celebrities/stylesheets/style.css [33m404 [0m1.884 ms - 3199[0m
[0mPOST /celebrities/595e74040eada34c18b1bf92 [36m302 [0m17.651 ms - 68[0m
[0mGET /celebrities [32m200 [0m2.966 ms - 1117[0m
[0mGET /stylesheets/style.css [36m304 [0m0.583 ms - -[0m
[0mGET /celebrities [36m304 [0m25.968 ms - -[0m
[0mGET /stylesheets/style.css [36m304 [0m5.422 ms - -[0m
[0mGET /celebrities/595e75184539fc4c480e97e5/edit? [32m200 [0m5.140 ms - 799[0m
[0mGET /celebrities/stylesheets/style.css [33m404 [0m1.589 ms - 3199[0m
[0mPOST /celebrities/595e75184539fc4c480e97e5 [36m302 [0m17.458 ms - 68[0m
[0mGET /celebrities [36m304 [0m2.244 ms - -[0m
[0mGET /stylesheets/style.css [36m304 [0m0.391 ms - -[0m
[0mGET /celebrities/595e75184539fc4c480e97e5 [32m200 [0m2.163 ms - 397[0m
[0mGET /stylesheets/style.css [36m304 [0m0.191 ms - -[0m
[0mGET /celebrities/595e75184539fc4c480e97e5 [36m304 [0m4.751 ms - -[0m
[0mGET /stylesheets/style.css [36m304 [0m1.583 ms - -[0m
[0mGET /celebrities/595e74040eada34c18b1bf92/edit? [32m200 [0m6.717 ms - 790[0m
[0mGET /celebrities/stylesheets/style.css [33m404 [0m1.426 ms - 3199[0m
[0mPOST /celebrities/595e74040eada34c18b1bf92 [36m302 [0m2.955 ms - 68[0m
[0mGET /celebrities [32m200 [0m3.934 ms - 1120[0m
[0mGET /stylesheets/style.css [36m304 [0m2.800 ms - -[0m
[0mGET /celebrities/595e75184539fc4c480e97e5 [36m304 [0m2.261 ms - -[0m
[0mGET /stylesheets/style.css [36m304 [0m0.443 ms - -[0m
[0mGET / [36m304 [0m1.410 ms - -[0m
[0mGET /stylesheets/style.css [36m304 [0m0.271 ms - -[0m
[0mGET /celebrities [36m304 [0m2.013 ms - -[0m
[0mGET /stylesheets/style.css [36m304 [0m0.229 ms - -[0m
[0mGET /celebrities/595e75184539fc4c480e97e5 [36m304 [0m3.240 ms - -[0m
[0mGET /stylesheets/style.css [36m304 [0m0.260 ms - -[0m
[0mGET /celebrities/595e75184539fc4c480e97e5/edit? [32m200 [0m1.795 ms - 799[0m
[0mGET /celebrities/stylesheets/style.css [33m404 [0m0.983 ms - 3199[0m
[0mPOST /celebrities/595e75184539fc4c480e97e5 [36m302 [0m1.631 ms - 68[0m
[0mGET /celebrities [36m304 [0m2.356 ms - -[0m
[0mGET /stylesheets/style.css [36m304 [0m0.278 ms - -[0m
[0mGET /celebrities/595e75184539fc4c480e97e5/edit? [32m200 [0m3.421 ms - 801[0m
[0mGET /celebrities/stylesheets/style.css [33m404 [0m1.799 ms - 3199[0m
[0mGET /celebrities/new [36m304 [0m0.867 ms - -[0m
[0mGET /stylesheets/style.css [36m304 [0m0.343 ms - -[0m
[0mGET /celebrities [36m304 [0m1.922 ms - -[0m
[0mGET /stylesheets/style.css [36m304 [0m0.259 ms - -[0m
[0mGET /celebrities/595e74040eada34c18b1bf92/edit? [32m200 [0m2.550 ms - 793[0m
[0mGET /celebrities/stylesheets/style.css [33m404 [0m1.252 ms - 3199[0m
[0mGET /celebrities/595e74040eada34c18b1bf92/edit? [36m304 [0m2.423 ms - -[0m
[0mGET /celebrities/stylesheets/style.css [33m404 [0m2.418 ms - 3199[0m
[0mGET /celebrities/595e74040eada34c18b1bf92/edit? [32m200 [0m2.554 ms - 791[0m
[0mGET /stylesheets/style.css [36m304 [0m0.224 ms - -[0m
[0mGET /celebrities/595e74040eada34c18b1bf92/edit? [36m304 [0m2.685 ms - -[0m
[0mGET /stylesheets/style.css [36m304 [0m1.153 ms - -[0m
[0mGET / [32m200 [0m0.845 ms - 329[0m
[0mGET /stylesheets/style.css [36m304 [0m0.265 ms - -[0m
[0mGET /celebrities [32m200 [0m2.492 ms - 1118[0m
[0mGET /stylesheets/style.css [36m304 [0m0.255 ms - -[0m
[0mGET /celebrities/new [32m200 [0m0.985 ms - 745[0m
[0mGET /stylesheets/style.css [36m304 [0m0.273 ms - -[0m
[0mGET /celebrities [36m304 [0m3.173 ms - -[0m
[0mGET /stylesheets/style.css [36m304 [0m0.229 ms - -[0m
[0mGET /celebrities/595e74040eada34c18b1bf92/edit? [36m304 [0m2.501 ms - -[0m
[0mGET /stylesheets/style.css [36m304 [0m0.216 ms - -[0m
[0mGET /celebrities/595e74040eada34c18b1bf92/edit? [32m200 [0m2.165 ms - 790[0m
[0mGET /celebrities/595e74040eada34c18b1bf92/stylesheets/style.css [33m404 [0m0.829 ms - 3196[0m
[0mGET /celebrities/595e74040eada34c18b1bf92/edit? [32m200 [0m1.690 ms - 791[0m
[0mGET /stylesheets/style.css [36m304 [0m0.410 ms - -[0m
[0mGET /celebrities [36m304 [0m2.351 ms - -[0m
[0mGET /stylesheets/style.css [36m304 [0m0.226 ms - -[0m
[0mGET /celebrities/new [36m304 [0m1.363 ms - -[0m
[0mGET /stylesheets/style.css [36m304 [0m0.216 ms - -[0m
[0mGET /celebrities [36m304 [0m1.666 ms - -[0m
[0mGET /stylesheets/style.css [36m304 [0m0.519 ms - -[0m
[0mGET /celebrities/595e74040eada34c18b1bf92/edit? [36m304 [0m1.588 ms - -[0m
[0mGET /stylesheets/style.css [36m304 [0m0.201 ms - -[0m
[0mGET /celebrities [32m200 [0m31.900 ms - 1160[0m
[0mGET /stylesheets/style.css [36m304 [0m2.679 ms - -[0m
[0mGET / [32m200 [0m1.948 ms - 371[0m
[0mGET /stylesheets/style.css [36m304 [0m0.471 ms - -[0m
[0mGET /movies [32m200 [0m3.204 ms - 1483[0m
[0mGET /stylesheets/style.css [36m304 [0m0.257 ms - -[0m
[0mGET /movies/595e7d7a64ce744d78895a64 [33m404 [0m1.629 ms - 3239[0m
[0mGET /stylesheets/style.css [36m304 [0m0.193 ms - -[0m
[0mGET /movies/595e7d7a64ce744d78895a64 [31m500 [0m32.454 ms - 2145[0m
[0mGET /stylesheets/style.css [36m304 [0m3.375 ms - -[0m
[0mGET /movies/595e7d7a64ce744d78895a64 [32m200 [0m26.471 ms - 428[0m
[0mGET /stylesheets/style.css [36m304 [0m2.149 ms - -[0m
[0mGET /movies/595e7d7a64ce744d78895a64 [36m304 [0m2.955 ms - -[0m
[0mGET /stylesheets/style.css [36m304 [0m0.382 ms - -[0m
[0mGET /movies/595e7d7a64ce744d78895a65 [32m200 [0m1.758 ms - 428[0m
[0mGET /stylesheets/style.css [36m304 [0m0.208 ms - -[0m
[0mGET /movies/595e7d7a64ce744d78895a66 [32m200 [0m2.343 ms - 428[0m
[0mGET /stylesheets/style.css [36m304 [0m0.267 ms - -[0m
[0mGET /movies [32m200 [0m22.206 ms - 1532[0m
[0mGET /stylesheets/style.css [36m304 [0m1.816 ms - -[0m
[0mGET /movies/new [31m500 [0m4.860 ms - 3568[0m
[0mGET /stylesheets/style.css [36m304 [0m0.397 ms - -[0m
[0mGET /movies/new [32m200 [0m14.784 ms - 801[0m
[0mGET /stylesheets/style.css [36m304 [0m3.434 ms - -[0m
[0mGET /movies [36m304 [0m29.077 ms - -[0m
[0mGET /stylesheets/style.css [36m304 [0m1.558 ms - -[0m
[0mGET /movies/new [36m304 [0m1.371 ms - -[0m
[0mGET /stylesheets/style.css [36m304 [0m0.449 ms - -[0m
[0mPOST /movie [33m404 [0m10.426 ms - 3295[0m
[0mGET /stylesheets/style.css [36m304 [0m1.574 ms - -[0m
[0mGET /movies [36m304 [0m5.327 ms - -[0m
[0mGET /stylesheets/style.css [36m304 [0m1.172 ms - -[0m
[0mGET /movies/new [36m304 [0m1.355 ms - -[0m
[0mGET /stylesheets/style.css [36m304 [0m0.773 ms - -[0m
[0mPOST /movie [33m404 [0m1.570 ms - 3295[0m
[0mGET /stylesheets/style.css [36m304 [0m0.466 ms - -[0m
[0mPOST /movie [33m404 [0m1.045 ms - 3295[0m
[0mGET /stylesheets/style.css [36m304 [0m0.360 ms - -[0m
[0mGET /movies [36m304 [0m2.475 ms - -[0m
[0mGET /stylesheets/style.css [36m304 [0m0.224 ms - -[0m
[0mGET /movies/new [32m200 [0m1.227 ms - 802[0m
[0mGET /stylesheets/style.css [36m304 [0m0.352 ms - -[0m
[0mPOST /movies [36m302 [0m20.565 ms - 64[0m
[0mGET /movies/new [36m304 [0m0.951 ms - -[0m
[0mGET /stylesheets/style.css [36m304 [0m0.377 ms - -[0m
[0mGET /movies [32m200 [0m1.879 ms - 1895[0m
[0mGET /stylesheets/style.css [36m304 [0m0.570 ms - -[0m
[0mGET /movies/595e80e01123e54de7aa64e9 [32m200 [0m3.437 ms - 465[0m
[0mGET /stylesheets/style.css [36m304 [0m0.215 ms - -[0m
[0mGET /movies/new [36m304 [0m1.463 ms - -[0m
[0mGET /stylesheets/style.css [36m304 [0m0.440 ms - -[0m
[0mPOST /movies [36m302 [0m2.003 ms - 64[0m
[0mGET /movies/new [36m304 [0m0.712 ms - -[0m
[0mGET /stylesheets/style.css [36m304 [0m0.261 ms - -[0m
[0mGET /movies [32m200 [0m2.198 ms - 2262[0m
[0mGET /stylesheets/style.css [36m304 [0m0.259 ms - -[0m
[0mGET /celebrities/new [32m200 [0m1.881 ms - 836[0m
[0mGET /stylesheets/style.css [36m304 [0m0.696 ms - -[0m
[0mGET /celebrities [32m200 [0m4.931 ms - 1209[0m
[0mGET /stylesheets/style.css [36m304 [0m0.300 ms - -[0m
[0mGET / [32m200 [0m1.198 ms - 420[0m
[0mGET /stylesheets/style.css [36m304 [0m0.379 ms - -[0m
[0mGET /celebrities [36m304 [0m2.853 ms - -[0m
[0mGET /stylesheets/style.css [36m304 [0m0.244 ms - -[0m
[0mGET /celebrities/new [36m304 [0m1.692 ms - -[0m
[0mGET /stylesheets/style.css [36m304 [0m0.314 ms - -[0m
[0mGET /movies [36m304 [0m3.322 ms - -[0m
[0mGET /stylesheets/style.css [36m304 [0m0.441 ms - -[0m
[0mGET /movies [36m304 [0m28.060 ms - -[0m
[0mGET /stylesheets/style.css [36m304 [0m1.610 ms - -[0m
[0mGET /movies [36m304 [0m3.836 ms - -[0m
[0mGET /stylesheets/style.css [36m304 [0m1.257 ms - -[0m
[0mPOST /movies/595e80e01123e54de7aa64e9/delete [36m302 [0m17.261 ms - 58[0m
[0mGET /movies [32m200 [0m3.839 ms - 1899[0m
[0mGET /stylesheets/style.css [36m304 [0m0.858 ms - -[0m
[0mPOST /movies/595e81021123e54de7aa64ea/delete [36m302 [0m2.875 ms - 58[0m
[0mGET /movies [32m200 [0m5.071 ms - 1532[0m
[0mGET /stylesheets/style.css [36m304 [0m1.867 ms - -[0m
[0mGET /movies [36m304 [0m4.423 ms - -[0m
[0mGET /stylesheets/style.css [36m304 [0m4.329 ms - -[0m
[0mGET /movies/new [36m304 [0m1.791 ms - -[0m
[0mGET /stylesheets/style.css [36m304 [0m0.384 ms - -[0m
[0mGET /movies [36m304 [0m3.136 ms - -[0m
[0mGET /stylesheets/style.css [36m304 [0m0.324 ms - -[0m
[0mGET /movies [36m304 [0m32.153 ms - -[0m
[0mGET /stylesheets/style.css [36m304 [0m2.656 ms - -[0m
[0mGET /movies/595e7d7a64ce744d78895a64/edit? [32m200 [0m6.041 ms - 806[0m
[0mGET /stylesheets/style.css [36m304 [0m0.515 ms - -[0m
[0mGET /movies/595e7d7a64ce744d78895a64/edit? [36m304 [0m25.015 ms - -[0m
[0mGET /stylesheets/style.css [36m304 [0m2.720 ms - -[0m
[0mPOST /movies [36m302 [0m27.993 ms - 64[0m
[0mGET /movies/new [36m304 [0m4.055 ms - -[0m
[0mGET /stylesheets/style.css [36m304 [0m1.392 ms - -[0m
[0mGET /movies [32m200 [0m5.526 ms - 1907[0m
[0mGET /stylesheets/style.css [36m304 [0m2.805 ms - -[0m
[0mGET /movies/595e7d7a64ce744d78895a66 [32m200 [0m3.837 ms - 477[0m
[0mGET /stylesheets/style.css [36m304 [0m0.406 ms - -[0m
[0mGET /movies/new [36m304 [0m1.313 ms - -[0m
[0mGET /stylesheets/style.css [36m304 [0m0.435 ms - -[0m
[0mGET /movies [36m304 [0m2.216 ms - -[0m
[0mGET /stylesheets/style.css [36m304 [0m0.214 ms - -[0m
[0mGET /movies/595e7d7a64ce744d78895a64/edit? [36m304 [0m2.844 ms - -[0m
[0mGET /stylesheets/style.css [36m304 [0m0.212 ms - -[0m
[0mGET /movies [36m304 [0m3.671 ms - -[0m
[0mGET /stylesheets/style.css [36m304 [0m0.349 ms - -[0m
[0mGET /movies/595e829f1bd5744e2c711190/edit? [32m200 [0m2.274 ms - 814[0m
[0mGET /stylesheets/style.css [36m304 [0m0.264 ms - -[0m
[0mPOST /movies [36m302 [0m2.599 ms - 64[0m
[0mGET /movies/new [36m304 [0m0.575 ms - -[0m
[0mGET /stylesheets/style.css [36m304 [0m0.326 ms - -[0m
[0mGET /movies [32m200 [0m30.399 ms - 2283[0m
[0mGET /stylesheets/style.css [36m304 [0m1.886 ms - -[0m
[0mGET /movies/595e7d7a64ce744d78895a64/edit? [36m304 [0m7.162 ms - -[0m
[0mGET /stylesheets/style.css [36m304 [0m0.968 ms - -[0m
[0mGET /movies/595e7d7a64ce744d78895a64/edit? [32m200 [0m3.914 ms - 831[0m
[0mGET /stylesheets/style.css [36m304 [0m0.611 ms - -[0m
[0mPOST /movies/595e7d7a64ce744d78895a64 [31m500 [0m11.149 ms - 3392[0m
[0mGET /stylesheets/style.css [36m304 [0m0.452 ms - -[0m
[0mGET /movies [36m304 [0m2.464 ms - -[0m
[0mGET /stylesheets/style.css [36m304 [0m0.202 ms - -[0m
[0mGET /movies/595e7d7a64ce744d78895a64/edit? [36m304 [0m2.965 ms - -[0m
[0mGET /stylesheets/style.css [36m304 [0m0.214 ms - -[0m
[0mPOST /movies/595e7d7a64ce744d78895a64 [31m500 [0m1.359 ms - 3392[0m
[0mGET /stylesheets/style.css [36m304 [0m0.275 ms - -[0m
[0mPOST /movies/595e7d7a64ce744d78895a64 [36m302 [0m34.700 ms - 58[0m
[0mGET /movies [36m304 [0m18.211 ms - -[0m
[0mGET /stylesheets/style.css [36m304 [0m1.993 ms - -[0m
[0mGET /movies/595e829f1bd5744e2c711190/edit? [32m200 [0m4.312 ms - 839[0m
[0mGET /stylesheets/style.css [36m304 [0m0.442 ms - -[0m
[0mPOST /movies/595e829f1bd5744e2c711190 [36m302 [0m2.328 ms - 58[0m
[0mGET /movies [36m304 [0m2.018 ms - -[0m
[0mGET /stylesheets/style.css [36m304 [0m0.244 ms - -[0m
[0mGET /movies/595e829f1bd5744e2c711190 [32m200 [0m2.121 ms - 493[0m
[0mGET /stylesheets/style.css [36m304 [0m0.426 ms - -[0m
[0mPOST /movies/595e829f1bd5744e2c711190/delete [36m302 [0m5.407 ms - 58[0m
[0mGET /movies [32m200 [0m3.191 ms - 1908[0m
[0mGET /stylesheets/style.css [36m304 [0m1.363 ms - -[0m
[0mPOST /movies/595e82b51bd5744e2c711191/delete [36m302 [0m4.639 ms - 58[0m
[0mGET /movies [32m200 [0m2.051 ms - 1532[0m
[0mGET /stylesheets/style.css [36m304 [0m0.500 ms - -[0m
[0mGET / [36m304 [0m2.486 ms - -[0m
[0mGET /stylesheets/style.css [36m304 [0m1.115 ms - -[0m
[0mGET /movies/new [36m304 [0m1.561 ms - -[0m
[0mGET /stylesheets/style.css [36m304 [0m0.467 ms - -[0m
[0mGET /movies [36m304 [0m3.795 ms - -[0m
[0mGET /stylesheets/style.css [36m304 [0m0.285 ms - -[0m
[0mGET /movies/595e7d7a64ce744d78895a64/edit? [32m200 [0m2.063 ms - 839[0m
[0mGET /stylesheets/style.css [36m304 [0m0.265 ms - -[0m
[0mPOST /movies/595e7d7a64ce744d78895a64 [36m302 [0m1.964 ms - 58[0m
[0mGET /movies [32m200 [0m3.773 ms - 1534[0m
[0mGET /stylesheets/style.css [36m304 [0m0.215 ms - -[0m
[0mGET /movies/595e7d7a64ce744d78895a64 [32m200 [0m3.648 ms - 481[0m
[0mGET /stylesheets/style.css [36m304 [0m0.231 ms - -[0m
[0mGET /movies/595e7d7a64ce744d78895a65/edit? [32m200 [0m3.067 ms - 831[0m
[0mGET /stylesheets/style.css [36m304 [0m0.426 ms - -[0m
[0mPOST /movies/595e7d7a64ce744d78895a65 [36m302 [0m1.514 ms - 58[0m
[0mGET /movies [32m200 [0m4.239 ms - 1542[0m
[0mGET /stylesheets/style.css [36m304 [0m0.333 ms - -[0m
[0mGET /movies/595e7d7a64ce744d78895a65 [32m200 [0m3.544 ms - 485[0m
[0mGET /stylesheets/style.css [36m304 [0m0.313 ms - -[0m
[0mGET /movies/595e7d7a64ce744d78895a66/edit? [32m200 [0m1.798 ms - 831[0m
[0mGET /stylesheets/style.css [36m304 [0m0.232 ms - -[0m
[0mPOST /movies/595e7d7a64ce744d78895a66 [36m302 [0m1.429 ms - 58[0m
[0mGET /movies [32m200 [0m1.718 ms - 1545[0m
[0mGET /stylesheets/style.css [36m304 [0m0.260 ms - -[0m
[0mGET /movies/595e7d7a64ce744d78895a66 [32m200 [0m1.727 ms - 480[0m
[0mGET /stylesheets/style.css [36m304 [0m0.270 ms - -[0m
[0mGET /movies/595e7d7a64ce744d78895a65 [36m304 [0m2.504 ms - -[0m
[0mGET /stylesheets/style.css [36m304 [0m0.254 ms - -[0m
[0mGET /movies/595e7d7a64ce744d78895a65/edit? [32m200 [0m2.085 ms - 839[0m
[0mGET /stylesheets/style.css [36m304 [0m0.234 ms - -[0m
[0mPOST /movies/595e7d7a64ce744d78895a65 [36m302 [0m1.429 ms - 58[0m
[0mGET /movies [36m304 [0m1.445 ms - -[0m
[0mGET /stylesheets/style.css [36m304 [0m0.261 ms - -[0m
[0mGET /movies/595e7d7a64ce744d78895a65 [32m200 [0m2.459 ms - 481[0m
[0mGET /stylesheets/style.css [36m304 [0m0.242 ms - -[0m
[0mGET / [36m304 [0m0.828 ms - -[0m
[0mGET /stylesheets/style.css [36m304 [0m0.276 ms - -[0m
[0mGET /celebrities [36m304 [0m3.917 ms - -[0m
[0mGET /stylesheets/style.css [36m304 [0m0.260 ms - -[0m
[0mGET /celebrities/new [36m304 [0m1.049 ms - -[0m
[0mGET /stylesheets/style.css [36m304 [0m0.414 ms - -[0m
[0mGET /movies [36m304 [0m1.546 ms - -[0m
[0mGET /stylesheets/style.css [36m304 [0m0.260 ms - -[0m
[0mGET /movies/new [36m304 [0m0.832 ms - -[0m
[0mGET /stylesheets/style.css [36m304 [0m0.277 ms - -[0m
[0mGET / [36m304 [0m12.388 ms - -[0m
[0mGET /stylesheets/style.css [36m304 [0m1.803 ms - -[0m
[0mGET / [32m200 [0m1.529 ms - 455[0m
[0mGET /stylesheets/style.css [36m304 [0m0.425 ms - -[0m
[0mGET / [32m200 [0m0.949 ms - 473[0m
[0mGET /stylesheets/style.css [36m304 [0m0.212 ms - -[0m
[0mGET /celebrities [36m304 [0m13.282 ms - -[0m
[0mGET /stylesheets/style.css [36m304 [0m0.257 ms - -[0m
[0mGET /celebrities/595e74040eada34c18b1bf92 [32m200 [0m4.360 ms - 480[0m
[0mGET /stylesheets/style.css [36m304 [0m0.252 ms - -[0m
[0mGET /celebrities/595e74040eada34c18b1bf92/edit? [32m200 [0m2.457 ms - 882[0m
[0mGET /stylesheets/style.css [36m304 [0m0.207 ms - -[0m
[0mPOST /celebrities/595e74040eada34c18b1bf92 [36m302 [0m20.815 ms - 68[0m
[0mGET /celebrities [32m200 [0m2.078 ms - 1212[0m
[0mGET /stylesheets/style.css [36m304 [0m0.427 ms - -[0m
[0mPOST /celebrities/595e74040eada34c18b1bf92/delete [36m302 [0m4.412 ms - 68[0m
[0mGET /celebrities [32m200 [0m1.482 ms - 824[0m
[0mGET /stylesheets/style.css [36m304 [0m0.199 ms - -[0m
[0mGET /celebrities/595e75184539fc4c480e97e5 [32m200 [0m2.761 ms - 488[0m
[0mGET /stylesheets/style.css [36m304 [0m0.280 ms - -[0m
[0mGET /celebrities/new [36m304 [0m0.980 ms - -[0m
[0mGET /stylesheets/style.css [36m304 [0m0.206 ms - -[0m
[0mPOST /celebrities [36m302 [0m11.822 ms - 74[0m
[0mGET /celebrities/new [36m304 [0m0.798 ms - -[0m
[0mGET /stylesheets/style.css [36m304 [0m0.207 ms - -[0m
[0mGET /celebrities [32m200 [0m7.619 ms - 1210[0m
[0mGET /stylesheets/style.css [36m304 [0m1.598 ms - -[0m
[0mGET /celebrities/new [36m304 [0m0.988 ms - -[0m
[0mGET /stylesheets/style.css [36m304 [0m0.316 ms - -[0m
[0mGET /movies [36m304 [0m2.683 ms - -[0m
[0mGET /stylesheets/style.css [36m304 [0m0.218 ms - -[0m
[0mGET /movies/595e7d7a64ce744d78895a64 [36m304 [0m1.981 ms - -[0m
[0mGET /stylesheets/style.css [36m304 [0m0.473 ms - -[0m
[0mGET /movies/595e7d7a64ce744d78895a64/edit? [32m200 [0m3.135 ms - 835[0m
[0mGET /stylesheets/style.css [36m304 [0m0.322 ms - -[0m
[0mPOST /movies/595e7d7a64ce744d78895a64 [36m302 [0m2.016 ms - 58[0m
[0mGET /movies [36m304 [0m2.746 ms - -[0m
[0mGET /stylesheets/style.css [36m304 [0m0.221 ms - -[0m
[0mGET /movies/595e7d7a64ce744d78895a64 [32m200 [0m1.947 ms - 484[0m
[0mGET /stylesheets/style.css [36m304 [0m0.205 ms - -[0m
[0mPOST /movies/595e7d7a64ce744d78895a64/delete [36m302 [0m1.661 ms - 58[0m
[0mGET /movies [32m200 [0m1.488 ms - 1176[0m
[0mGET /stylesheets/style.css [36m304 [0m0.263 ms - -[0m
[0mGET /movies/new [36m304 [0m0.899 ms - -[0m
[0mGET /stylesheets/style.css [36m304 [0m0.228 ms - -[0m
[0mPOST /movies [36m302 [0m2.963 ms - 64[0m
[0mGET /movies/new [36m304 [0m0.850 ms - -[0m
[0mGET /stylesheets/style.css [36m304 [0m0.236 ms - -[0m
[0mGET /movies [32m200 [0m4.757 ms - 1545[0m
[0mGET /stylesheets/style.css [36m304 [0m0.192 ms - -[0m
[0mGET /movies/595e7d7a64ce744d78895a66 [36m304 [0m2.248 ms - -[0m
[0mGET /stylesheets/style.css [36m304 [0m0.266 ms - -[0m
